# JRE version: OpenJDK Runtime Environment (11.0.12+7) (build 11.0.12+7-b1504.28-7817840)
# Java VM: OpenJDK 64-Bit Server VM (11.0.12+7-b1504.28-7817840, mixed mode, tiered, compressed oops, g1 gc, windows-amd64)
Heap:
 garbage-first heap   total 355328K, used 193186K [0x0000000080000000, 0x0000000100000000)
  region size 1024K, 4 young (4096K), 4 survivors (4096K)
 Metaspace       used 109808K, capacity 112435K, committed 112776K, reserved 1146880K
  class space    used 13962K, capacity 14941K, committed 15056K, reserved 1048576K
GC Heap History (20 events):
Event: 19.611 GC heap after
{Heap after GC invocations=35 (full 0):
 garbage-first heap   total 225280K, used 88449K [0x0000000080000000, 0x0000000100000000)
  region size 1024K, 2 young (2048K), 2 survivors (2048K)
 Metaspace       used 98488K, capacity 100709K, committed 101128K, reserved 1136640K
  class space    used 12370K, capacity 13181K, committed 13392K, reserved 1048576K
}
Event: 22.040 GC heap before
{Heap before GC invocations=35 (full 0):
 garbage-first heap   total 225280K, used 158081K [0x0000000080000000, 0x0000000100000000)
  region size 1024K, 71 young (72704K), 2 survivors (2048K)
 Metaspace       used 100636K, capacity 102933K, committed 103048K, reserved 1138688K
  class space    used 12607K, capacity 13468K, committed 13520K, reserved 1048576K
}
Event: 22.048 GC heap after
{Heap after GC invocations=36 (full 0):
 garbage-first heap   total 225280K, used 92878K [0x0000000080000000, 0x0000000100000000)
  region size 1024K, 7 young (7168K), 7 survivors (7168K)
 Metaspace       used 100636K, capacity 102933K, committed 103048K, reserved 1138688K
  class space    used 12607K, capacity 13468K, committed 13520K, reserved 1048576K
}
Event: 22.617 GC heap before
{Heap before GC invocations=36 (full 0):
 garbage-first heap   total 225280K, used 173774K [0x0000000080000000, 0x0000000100000000)
  region size 1024K, 76 young (77824K), 7 survivors (7168K)
 Metaspace       used 102834K, capacity 105206K, committed 105352K, reserved 1140736K
  class space    used 12872K, capacity 13758K, committed 13776K, reserved 1048576K
}
Event: 22.631 GC heap after
{Heap after GC invocations=37 (full 0):
 garbage-first heap   total 225280K, used 113897K [0x0000000080000000, 0x0000000100000000)
  region size 1024K, 10 young (10240K), 10 survivors (10240K)
 Metaspace       used 102834K, capacity 105206K, committed 105352K, reserved 1140736K
  class space    used 12872K, capacity 13758K, committed 13776K, reserved 1048576K
}
Event: 22.780 GC heap before
{Heap before GC invocations=37 (full 0):
 garbage-first heap   total 225280K, used 131305K [0x0000000080000000, 0x0000000100000000)
  region size 1024K, 29 young (29696K), 10 survivors (10240K)
 Metaspace       used 104061K, capacity 106483K, committed 106632K, reserved 1142784K
  class space    used 13038K, capacity 13952K, committed 14032K, reserved 1048576K
}
Event: 22.796 GC heap after
{Heap after GC invocations=38 (full 0):
 garbage-first heap   total 225280K, used 117413K [0x0000000080000000, 0x0000000100000000)
  region size 1024K, 4 young (4096K), 4 survivors (4096K)
 Metaspace       used 104061K, capacity 106483K, committed 106632K, reserved 1142784K
  class space    used 13038K, capacity 13952K, committed 14032K, reserved 1048576K
}
Event: 23.062 GC heap before
{Heap before GC invocations=39 (full 0):
 garbage-first heap   total 225280K, used 189093K [0x0000000080000000, 0x0000000100000000)
  region size 1024K, 47 young (48128K), 4 survivors (4096K)
 Metaspace       used 104841K, capacity 107273K, committed 107528K, reserved 1142784K
  class space    used 13151K, capacity 14067K, committed 14160K, reserved 1048576K
}
Event: 23.074 GC heap after
{Heap after GC invocations=40 (full 0):
 garbage-first heap   total 225280K, used 135992K [0x0000000080000000, 0x0000000100000000)
  region size 1024K, 6 young (6144K), 6 survivors (6144K)
 Metaspace       used 104841K, capacity 107273K, committed 107528K, reserved 1142784K
  class space    used 13151K, capacity 14067K, committed 14160K, reserved 1048576K
}
Event: 23.114 GC heap before
{Heap before GC invocations=40 (full 0):
 garbage-first heap   total 225280K, used 141112K [0x0000000080000000, 0x0000000100000000)
  region size 1024K, 11 young (11264K), 6 survivors (6144K)
 Metaspace       used 104852K, capacity 107281K, committed 107528K, reserved 1142784K
  class space    used 13153K, capacity 14070K, committed 14160K, reserved 1048576K
}
Event: 23.125 GC heap after
{Heap after GC invocations=41 (full 0):
 garbage-first heap   total 225280K, used 129368K [0x0000000080000000, 0x0000000100000000)
  region size 1024K, 2 young (2048K), 2 survivors (2048K)
 Metaspace       used 104852K, capacity 107281K, committed 107528K, reserved 1142784K
  class space    used 13153K, capacity 14070K, committed 14160K, reserved 1048576K
}
Event: 23.560 GC heap before
{Heap before GC invocations=41 (full 0):
 garbage-first heap   total 225280K, used 173400K [0x0000000080000000, 0x0000000100000000)
  region size 1024K, 42 young (43008K), 2 survivors (2048K)
 Metaspace       used 106286K, capacity 108754K, committed 108808K, reserved 1144832K
  class space    used 13450K, capacity 14386K, committed 14416K, reserved 1048576K
}
Event: 23.581 GC heap after
{Heap after GC invocations=42 (full 0):
 garbage-first heap   total 270336K, used 144339K [0x0000000080000000, 0x0000000100000000)
  region size 1024K, 6 young (6144K), 6 survivors (6144K)
 Metaspace       used 106286K, capacity 108754K, committed 108808K, reserved 1144832K
  class space    used 13450K, capacity 14386K, committed 14416K, reserved 1048576K
}
Event: 23.997 GC heap before
{Heap before GC invocations=43 (full 0):
 garbage-first heap   total 270336K, used 196563K [0x0000000080000000, 0x0000000100000000)
  region size 1024K, 58 young (59392K), 6 survivors (6144K)
 Metaspace       used 107369K, capacity 109827K, committed 110088K, reserved 1144832K
  class space    used 13631K, capacity 14571K, committed 14672K, reserved 1048576K
}
Event: 24.039 GC heap after
{Heap after GC invocations=44 (full 0):
 garbage-first heap   total 270336K, used 169292K [0x0000000080000000, 0x0000000100000000)
  region size 1024K, 8 young (8192K), 8 survivors (8192K)
 Metaspace       used 107369K, capacity 109827K, committed 110088K, reserved 1144832K
  class space    used 13631K, capacity 14571K, committed 14672K, reserved 1048576K
}
Event: 24.065 GC heap before
{Heap before GC invocations=44 (full 0):
 garbage-first heap   total 270336K, used 173388K [0x0000000080000000, 0x0000000100000000)
  region size 1024K, 13 young (13312K), 8 survivors (8192K)
 Metaspace       used 107370K, capacity 109827K, committed 110088K, reserved 1144832K
  class space    used 13631K, capacity 14571K, committed 14672K, reserved 1048576K
}
Event: 24.084 GC heap after
{Heap after GC invocations=45 (full 0):
 garbage-first heap   total 270336K, used 168960K [0x0000000080000000, 0x0000000100000000)
  region size 1024K, 2 young (2048K), 2 survivors (2048K)
 Metaspace       used 107370K, capacity 109827K, committed 110088K, reserved 1144832K
  class space    used 13631K, capacity 14571K, committed 14672K, reserved 1048576K
}
Event: 24.347 GC heap before
{Heap before GC invocations=45 (full 0):
 garbage-first heap   total 270336K, used 204800K [0x0000000080000000, 0x0000000100000000)
  region size 1024K, 38 young (38912K), 2 survivors (2048K)
 Metaspace       used 107761K, capacity 110215K, committed 110344K, reserved 1144832K
  class space    used 13681K, capacity 14636K, committed 14672K, reserved 1048576K
}
Event: 24.365 GC heap after
{Heap after GC invocations=46 (full 0):
 garbage-first heap   total 270336K, used 187704K [0x0000000080000000, 0x0000000100000000)
  region size 1024K, 5 young (5120K), 5 survivors (5120K)
 Metaspace       used 107761K, capacity 110215K, committed 110344K, reserved 1144832K
  class space    used 13681K, capacity 14636K, committed 14672K, reserved 1048576K
}
Event: 24.800 GC heap before
{Heap before GC invocations=46 (full 0):
 garbage-first heap   total 270336K, used 213304K [0x0000000080000000, 0x0000000100000000)
  region size 1024K, 31 young (31744K), 5 survivors (5120K)
 Metaspace       used 109808K, capacity 112435K, committed 112776K, reserved 1146880K
  class space    used 13962K, capacity 14941K, committed 15056K, reserved 1048576K
}

