# JRE version: OpenJDK Runtime Environment (11.0.12+7) (build 11.0.12+7-b1504.28-7817840)
# Java VM: OpenJDK 64-Bit Server VM (11.0.12+7-b1504.28-7817840, mixed mode, tiered, compressed oops, g1 gc, windows-amd64)
Heap:
 garbage-first heap   total 187392K, used 142229K [0x0000000080000000, 0x0000000100000000)
  region size 1024K, 42 young (43008K), 7 survivors (7168K)
 Metaspace       used 91840K, capacity 94085K, committed 94508K, reserved 1130496K
  class space    used 11619K, capacity 12478K, committed 12672K, reserved 1048576K
GC Heap History (20 events):
Event: 8.016 GC heap before
{Heap before GC invocations=10 (full 0):
 garbage-first heap   total 155648K, used 109799K [0x0000000080000000, 0x0000000100000000)
  region size 1024K, 83 young (84992K), 8 survivors (8192K)
 Metaspace       used 49033K, capacity 50326K, committed 50560K, reserved 1093632K
  class space    used 6303K, capacity 6779K, committed 6784K, reserved 1048576K
}
Event: 8.030 GC heap after
{Heap after GC invocations=11 (full 0):
 garbage-first heap   total 155648K, used 42812K [0x0000000080000000, 0x0000000100000000)
  region size 1024K, 11 young (11264K), 11 survivors (11264K)
 Metaspace       used 49033K, capacity 50326K, committed 50560K, reserved 1093632K
  class space    used 6303K, capacity 6779K, committed 6784K, reserved 1048576K
}
Event: 9.089 GC heap before
{Heap before GC invocations=11 (full 0):
 garbage-first heap   total 155648K, used 108348K [0x0000000080000000, 0x0000000100000000)
  region size 1024K, 76 young (77824K), 11 survivors (11264K)
 Metaspace       used 58376K, capacity 59805K, committed 59948K, reserved 1101824K
  class space    used 7459K, capacity 7996K, committed 8064K, reserved 1048576K
}
Event: 9.111 GC heap after
{Heap after GC invocations=12 (full 0):
 garbage-first heap   total 155648K, used 45842K [0x0000000080000000, 0x0000000100000000)
  region size 1024K, 3 young (3072K), 3 survivors (3072K)
 Metaspace       used 58376K, capacity 59805K, committed 59948K, reserved 1101824K
  class space    used 7459K, capacity 7996K, committed 8064K, reserved 1048576K
}
Event: 10.091 GC heap before
{Heap before GC invocations=13 (full 0):
 garbage-first heap   total 155648K, used 114450K [0x0000000080000000, 0x0000000100000000)
  region size 1024K, 70 young (71680K), 3 survivors (3072K)
 Metaspace       used 64923K, capacity 66475K, committed 66732K, reserved 1107968K
  class space    used 8271K, capacity 8864K, committed 8960K, reserved 1048576K
}
Event: 10.106 GC heap after
{Heap after GC invocations=14 (full 0):
 garbage-first heap   total 155648K, used 51838K [0x0000000080000000, 0x0000000100000000)
  region size 1024K, 9 young (9216K), 9 survivors (9216K)
 Metaspace       used 64923K, capacity 66475K, committed 66732K, reserved 1107968K
  class space    used 8271K, capacity 8864K, committed 8960K, reserved 1048576K
}
Event: 11.418 GC heap before
{Heap before GC invocations=15 (full 0):
 garbage-first heap   total 155648K, used 117374K [0x0000000080000000, 0x0000000100000000)
  region size 1024K, 73 young (74752K), 9 survivors (9216K)
 Metaspace       used 69158K, capacity 70752K, committed 71084K, reserved 1110016K
  class space    used 8997K, capacity 9583K, committed 9728K, reserved 1048576K
}
Event: 11.429 GC heap after
{Heap after GC invocations=16 (full 0):
 garbage-first heap   total 187392K, used 55625K [0x0000000080000000, 0x0000000100000000)
  region size 1024K, 5 young (5120K), 5 survivors (5120K)
 Metaspace       used 69158K, capacity 70752K, committed 71084K, reserved 1110016K
  class space    used 8997K, capacity 9583K, committed 9728K, reserved 1048576K
}
Event: 12.911 GC heap before
{Heap before GC invocations=16 (full 0):
 garbage-first heap   total 187392K, used 136521K [0x0000000080000000, 0x0000000100000000)
  region size 1024K, 84 young (86016K), 5 survivors (5120K)
 Metaspace       used 77414K, capacity 79221K, committed 79404K, reserved 1118208K
  class space    used 10166K, capacity 10855K, committed 10880K, reserved 1048576K
}
Event: 12.921 GC heap after
{Heap after GC invocations=17 (full 0):
 garbage-first heap   total 187392K, used 60242K [0x0000000080000000, 0x0000000100000000)
  region size 1024K, 10 young (10240K), 10 survivors (10240K)
 Metaspace       used 77414K, capacity 79221K, committed 79404K, reserved 1118208K
  class space    used 10166K, capacity 10855K, committed 10880K, reserved 1048576K
}
Event: 14.355 GC heap before
{Heap before GC invocations=17 (full 0):
 garbage-first heap   total 187392K, used 139090K [0x0000000080000000, 0x0000000100000000)
  region size 1024K, 88 young (90112K), 10 survivors (10240K)
 Metaspace       used 81299K, capacity 83506K, committed 83756K, reserved 1122304K
  class space    used 10743K, capacity 11595K, committed 11648K, reserved 1048576K
}
Event: 14.374 GC heap after
{Heap after GC invocations=18 (full 0):
 garbage-first heap   total 187392K, used 65876K [0x0000000080000000, 0x0000000100000000)
  region size 1024K, 11 young (11264K), 11 survivors (11264K)
 Metaspace       used 81299K, capacity 83506K, committed 83756K, reserved 1122304K
  class space    used 10743K, capacity 11595K, committed 11648K, reserved 1048576K
}
Event: 15.748 GC heap before
{Heap before GC invocations=18 (full 0):
 garbage-first heap   total 187392K, used 146772K [0x0000000080000000, 0x0000000100000000)
  region size 1024K, 88 young (90112K), 11 survivors (11264K)
 Metaspace       used 83365K, capacity 85580K, committed 85676K, reserved 1124352K
  class space    used 10900K, capacity 11730K, committed 11776K, reserved 1048576K
}
Event: 15.770 GC heap after
{Heap after GC invocations=19 (full 0):
 garbage-first heap   total 187392K, used 85560K [0x0000000080000000, 0x0000000100000000)
  region size 1024K, 11 young (11264K), 11 survivors (11264K)
 Metaspace       used 83365K, capacity 85580K, committed 85676K, reserved 1124352K
  class space    used 10900K, capacity 11730K, committed 11776K, reserved 1048576K
}
Event: 17.043 GC heap before
{Heap before GC invocations=19 (full 0):
 garbage-first heap   total 187392K, used 150072K [0x0000000080000000, 0x0000000100000000)
  region size 1024K, 66 young (67584K), 11 survivors (11264K)
 Metaspace       used 87992K, capacity 90353K, committed 90540K, reserved 1128448K
  class space    used 11362K, capacity 12238K, committed 12288K, reserved 1048576K
}
Event: 17.064 GC heap after
{Heap after GC invocations=20 (full 0):
 garbage-first heap   total 187392K, used 95927K [0x0000000080000000, 0x0000000100000000)
  region size 1024K, 8 young (8192K), 8 survivors (8192K)
 Metaspace       used 87992K, capacity 90353K, committed 90540K, reserved 1128448K
  class space    used 11362K, capacity 12238K, committed 12288K, reserved 1048576K
}
Event: 17.887 GC heap before
{Heap before GC invocations=20 (full 0):
 garbage-first heap   total 187392K, used 118455K [0x0000000080000000, 0x0000000100000000)
  region size 1024K, 32 young (32768K), 8 survivors (8192K)
 Metaspace       used 88124K, capacity 90492K, committed 90540K, reserved 1128448K
  class space    used 11371K, capacity 12241K, committed 12288K, reserved 1048576K
}
Event: 17.902 GC heap after
{Heap after GC invocations=21 (full 0):
 garbage-first heap   total 187392K, used 101376K [0x0000000080000000, 0x0000000100000000)
  region size 1024K, 7 young (7168K), 7 survivors (7168K)
 Metaspace       used 88124K, capacity 90492K, committed 90540K, reserved 1128448K
  class space    used 11371K, capacity 12241K, committed 12288K, reserved 1048576K
}
Event: 18.499 GC heap before
{Heap before GC invocations=22 (full 0):
 garbage-first heap   total 187392K, used 158720K [0x0000000080000000, 0x0000000100000000)
  region size 1024K, 49 young (50176K), 7 survivors (7168K)
 Metaspace       used 90626K, capacity 92900K, committed 93356K, reserved 1130496K
  class space    used 11537K, capacity 12382K, committed 12544K, reserved 1048576K
}
Event: 18.513 GC heap after
{Heap after GC invocations=23 (full 0):
 garbage-first heap   total 187392K, used 107413K [0x0000000080000000, 0x0000000100000000)
  region size 1024K, 7 young (7168K), 7 survivors (7168K)
 Metaspace       used 90626K, capacity 92900K, committed 93356K, reserved 1130496K
  class space    used 11537K, capacity 12382K, committed 12544K, reserved 1048576K
}

