# JRE version: OpenJDK Runtime Environment (11.0.12+7) (build 11.0.12+7-b1504.28-7817840)
# Java VM: OpenJDK 64-Bit Server VM (11.0.12+7-b1504.28-7817840, mixed mode, tiered, compressed oops, g1 gc, windows-amd64)
Heap:
 garbage-first heap   total 231424K, used 170595K [0x0000000080000000, 0x0000000100000000)
  region size 1024K, 53 young (54272K), 7 survivors (7168K)
 Metaspace       used 105095K, capacity 108016K, committed 108364K, reserved 1142784K
  class space    used 13433K, capacity 14534K, committed 14668K, reserved 1048576K
GC Heap History (20 events):
Event: 26.488 GC heap before
{Heap before GC invocations=47 (full 0):
 garbage-first heap   total 155648K, used 116175K [0x0000000080000000, 0x0000000100000000)
  region size 1024K, 12 young (12288K), 1 survivors (1024K)
 Metaspace       used 86234K, capacity 88517K, committed 88780K, reserved 1126400K
  class space    used 11283K, capacity 12112K, committed 12236K, reserved 1048576K
}
Event: 26.491 GC heap after
{Heap after GC invocations=48 (full 0):
 garbage-first heap   total 155648K, used 107671K [0x0000000080000000, 0x0000000100000000)
  region size 1024K, 2 young (2048K), 2 survivors (2048K)
 Metaspace       used 86234K, capacity 88517K, committed 88780K, reserved 1126400K
  class space    used 11283K, capacity 12112K, committed 12236K, reserved 1048576K
}
Event: 26.777 GC heap before
{Heap before GC invocations=49 (full 0):
 garbage-first heap   total 155648K, used 123031K [0x0000000080000000, 0x0000000100000000)
  region size 1024K, 17 young (17408K), 2 survivors (2048K)
 Metaspace       used 88998K, capacity 91281K, committed 91596K, reserved 1128448K
  class space    used 11575K, capacity 12371K, committed 12492K, reserved 1048576K
}
Event: 26.781 GC heap after
{Heap after GC invocations=50 (full 0):
 garbage-first heap   total 155648K, used 107774K [0x0000000080000000, 0x0000000100000000)
  region size 1024K, 2 young (2048K), 2 survivors (2048K)
 Metaspace       used 88998K, capacity 91281K, committed 91596K, reserved 1128448K
  class space    used 11575K, capacity 12371K, committed 12492K, reserved 1048576K
}
Event: 27.102 GC heap before
{Heap before GC invocations=50 (full 0):
 garbage-first heap   total 155648K, used 124158K [0x0000000080000000, 0x0000000100000000)
  region size 1024K, 18 young (18432K), 2 survivors (2048K)
 Metaspace       used 91572K, capacity 93849K, committed 94028K, reserved 1130496K
  class space    used 11938K, capacity 12747K, committed 12876K, reserved 1048576K
}
Event: 27.107 GC heap after
{Heap after GC invocations=51 (full 0):
 garbage-first heap   total 155648K, used 108829K [0x0000000080000000, 0x0000000100000000)
  region size 1024K, 3 young (3072K), 3 survivors (3072K)
 Metaspace       used 91572K, capacity 93849K, committed 94028K, reserved 1130496K
  class space    used 11938K, capacity 12747K, committed 12876K, reserved 1048576K
}
Event: 27.596 GC heap before
{Heap before GC invocations=52 (full 0):
 garbage-first heap   total 155648K, used 126237K [0x0000000080000000, 0x0000000100000000)
  region size 1024K, 20 young (20480K), 3 survivors (3072K)
 Metaspace       used 93128K, capacity 95497K, committed 95820K, reserved 1132544K
  class space    used 12158K, capacity 13016K, committed 13132K, reserved 1048576K
}
Event: 27.603 GC heap after
{Heap after GC invocations=53 (full 0):
 garbage-first heap   total 187392K, used 109894K [0x0000000080000000, 0x0000000100000000)
  region size 1024K, 3 young (3072K), 3 survivors (3072K)
 Metaspace       used 93128K, capacity 95497K, committed 95820K, reserved 1132544K
  class space    used 12158K, capacity 13016K, committed 13132K, reserved 1048576K
}
Event: 28.558 GC heap before
{Heap before GC invocations=53 (full 0):
 garbage-first heap   total 187392K, used 141638K [0x0000000080000000, 0x0000000100000000)
  region size 1024K, 34 young (34816K), 3 survivors (3072K)
 Metaspace       used 96553K, capacity 99028K, committed 99276K, reserved 1134592K
  class space    used 12590K, capacity 13484K, committed 13516K, reserved 1048576K
}
Event: 28.563 GC heap after
{Heap after GC invocations=54 (full 0):
 garbage-first heap   total 187392K, used 111393K [0x0000000080000000, 0x0000000100000000)
  region size 1024K, 4 young (4096K), 4 survivors (4096K)
 Metaspace       used 96553K, capacity 99028K, committed 99276K, reserved 1134592K
  class space    used 12590K, capacity 13484K, committed 13516K, reserved 1048576K
}
Event: 29.373 GC heap before
{Heap before GC invocations=55 (full 0):
 garbage-first heap   total 187392K, used 144161K [0x0000000080000000, 0x0000000100000000)
  region size 1024K, 37 young (37888K), 4 survivors (4096K)
 Metaspace       used 97362K, capacity 99858K, committed 100044K, reserved 1136640K
  class space    used 12645K, capacity 13513K, committed 13516K, reserved 1048576K
}
Event: 29.386 GC heap after
{Heap after GC invocations=56 (full 0):
 garbage-first heap   total 187392K, used 114346K [0x0000000080000000, 0x0000000100000000)
  region size 1024K, 5 young (5120K), 5 survivors (5120K)
 Metaspace       used 97362K, capacity 99858K, committed 100044K, reserved 1136640K
  class space    used 12645K, capacity 13513K, committed 13516K, reserved 1048576K
}
Event: 30.175 GC heap before
{Heap before GC invocations=56 (full 0):
 garbage-first heap   total 187392K, used 147114K [0x0000000080000000, 0x0000000100000000)
  region size 1024K, 38 young (38912K), 5 survivors (5120K)
 Metaspace       used 98074K, capacity 100643K, committed 100684K, reserved 1136640K
  class space    used 12687K, capacity 13614K, committed 13644K, reserved 1048576K
}
Event: 30.189 GC heap after
{Heap after GC invocations=57 (full 0):
 garbage-first heap   total 187392K, used 117209K [0x0000000080000000, 0x0000000100000000)
  region size 1024K, 3 young (3072K), 3 survivors (3072K)
 Metaspace       used 98074K, capacity 100643K, committed 100684K, reserved 1136640K
  class space    used 12687K, capacity 13614K, committed 13644K, reserved 1048576K
}
Event: 30.829 GC heap before
{Heap before GC invocations=58 (full 0):
 garbage-first heap   total 187392K, used 149977K [0x0000000080000000, 0x0000000100000000)
  region size 1024K, 35 young (35840K), 3 survivors (3072K)
 Metaspace       used 99093K, capacity 101655K, committed 101836K, reserved 1136640K
  class space    used 12788K, capacity 13746K, committed 13772K, reserved 1048576K
}
Event: 30.836 GC heap after
{Heap after GC invocations=59 (full 0):
 garbage-first heap   total 231424K, used 118385K [0x0000000080000000, 0x0000000100000000)
  region size 1024K, 5 young (5120K), 5 survivors (5120K)
 Metaspace       used 99093K, capacity 101655K, committed 101836K, reserved 1136640K
  class space    used 12788K, capacity 13746K, committed 13772K, reserved 1048576K
}
Event: 1073.789 GC heap before
{Heap before GC invocations=59 (full 0):
 garbage-first heap   total 231424K, used 168561K [0x0000000080000000, 0x0000000100000000)
  region size 1024K, 54 young (55296K), 5 survivors (5120K)
 Metaspace       used 100493K, capacity 103208K, committed 103372K, reserved 1138688K
  class space    used 12924K, capacity 13960K, committed 14028K, reserved 1048576K
}
Event: 1073.798 GC heap after
{Heap after GC invocations=60 (full 0):
 garbage-first heap   total 231424K, used 120831K [0x0000000080000000, 0x0000000100000000)
  region size 1024K, 5 young (5120K), 5 survivors (5120K)
 Metaspace       used 100493K, capacity 103208K, committed 103372K, reserved 1138688K
  class space    used 12924K, capacity 13960K, committed 14028K, reserved 1048576K
}
Event: 1074.819 GC heap before
{Heap before GC invocations=61 (full 0):
 garbage-first heap   total 231424K, used 172031K [0x0000000080000000, 0x0000000100000000)
  region size 1024K, 56 young (57344K), 5 survivors (5120K)
 Metaspace       used 103669K, capacity 106534K, committed 106828K, reserved 1142784K
  class space    used 13291K, capacity 14369K, committed 14412K, reserved 1048576K
}
Event: 1074.829 GC heap after
{Heap after GC invocations=62 (full 0):
 garbage-first heap   total 231424K, used 125539K [0x0000000080000000, 0x0000000100000000)
  region size 1024K, 7 young (7168K), 7 survivors (7168K)
 Metaspace       used 103669K, capacity 106534K, committed 106828K, reserved 1142784K
  class space    used 13291K, capacity 14369K, committed 14412K, reserved 1048576K
}

