# JRE version: OpenJDK Runtime Environment (11.0.12+7) (build 11.0.12+7-b1504.28-7817840)
# Java VM: OpenJDK 64-Bit Server VM (11.0.12+7-b1504.28-7817840, mixed mode, tiered, compressed oops, g1 gc, windows-amd64)
Heap:
 garbage-first heap   total 225280K, used 93055K [0x0000000080000000, 0x0000000100000000)
  region size 1024K, 8 young (8192K), 8 survivors (8192K)
 Metaspace       used 100587K, capacity 102918K, committed 103048K, reserved 1138688K
  class space    used 12608K, capacity 13476K, committed 13520K, reserved 1048576K
GC Heap History (20 events):
Event: 18.077 GC heap after
{Heap after GC invocations=20 (full 0):
 garbage-first heap   total 187392K, used 94723K [0x0000000080000000, 0x0000000100000000)
  region size 1024K, 9 young (9216K), 9 survivors (9216K)
 Metaspace       used 87996K, capacity 90336K, committed 90632K, reserved 1128448K
  class space    used 11387K, capacity 12275K, committed 12368K, reserved 1048576K
}
Event: 19.298 GC heap before
{Heap before GC invocations=20 (full 0):
 garbage-first heap   total 187392K, used 132611K [0x0000000080000000, 0x0000000100000000)
  region size 1024K, 48 young (49152K), 9 survivors (9216K)
 Metaspace       used 88216K, capacity 90539K, committed 90632K, reserved 1128448K
  class space    used 11396K, capacity 12278K, committed 12368K, reserved 1048576K
}
Event: 19.315 GC heap after
{Heap after GC invocations=21 (full 0):
 garbage-first heap   total 187392K, used 103317K [0x0000000080000000, 0x0000000100000000)
  region size 1024K, 7 young (7168K), 7 survivors (7168K)
 Metaspace       used 88216K, capacity 90539K, committed 90632K, reserved 1128448K
  class space    used 11396K, capacity 12278K, committed 12368K, reserved 1048576K
}
Event: 19.907 GC heap before
{Heap before GC invocations=22 (full 0):
 garbage-first heap   total 187392K, used 157588K [0x0000000080000000, 0x0000000100000000)
  region size 1024K, 47 young (48128K), 7 survivors (7168K)
 Metaspace       used 90241K, capacity 92418K, committed 93064K, reserved 1130496K
  class space    used 11499K, capacity 12349K, committed 12496K, reserved 1048576K
}
Event: 19.922 GC heap after
{Heap after GC invocations=23 (full 0):
 garbage-first heap   total 187392K, used 108785K [0x0000000080000000, 0x0000000100000000)
  region size 1024K, 6 young (6144K), 6 survivors (6144K)
 Metaspace       used 90241K, capacity 92418K, committed 93064K, reserved 1130496K
  class space    used 11499K, capacity 12349K, committed 12496K, reserved 1048576K
}
Event: 20.393 GC heap before
{Heap before GC invocations=23 (full 0):
 garbage-first heap   total 187392K, used 146673K [0x0000000080000000, 0x0000000100000000)
  region size 1024K, 44 young (45056K), 6 survivors (6144K)
 Metaspace       used 91843K, capacity 94051K, committed 94728K, reserved 1132544K
  class space    used 11619K, capacity 12445K, committed 12624K, reserved 1048576K
}
Event: 20.411 GC heap after
{Heap after GC invocations=24 (full 0):
 garbage-first heap   total 187392K, used 112560K [0x0000000080000000, 0x0000000100000000)
  region size 1024K, 3 young (3072K), 3 survivors (3072K)
 Metaspace       used 91843K, capacity 94051K, committed 94728K, reserved 1132544K
  class space    used 11619K, capacity 12445K, committed 12624K, reserved 1048576K
}
Event: 20.848 GC heap before
{Heap before GC invocations=25 (full 0):
 garbage-first heap   total 187392K, used 137136K [0x0000000080000000, 0x0000000100000000)
  region size 1024K, 40 young (40960K), 3 survivors (3072K)
 Metaspace       used 92750K, capacity 94873K, committed 95624K, reserved 1132544K
  class space    used 11689K, capacity 12507K, committed 12752K, reserved 1048576K
}
Event: 20.857 GC heap after
{Heap after GC invocations=26 (full 0):
 garbage-first heap   total 187392K, used 105472K [0x0000000080000000, 0x0000000100000000)
  region size 1024K, 5 young (5120K), 5 survivors (5120K)
 Metaspace       used 92750K, capacity 94873K, committed 95624K, reserved 1132544K
  class space    used 11689K, capacity 12507K, committed 12752K, reserved 1048576K
}
Event: 20.913 GC heap before
{Heap before GC invocations=26 (full 0):
 garbage-first heap   total 187392K, used 108544K [0x0000000080000000, 0x0000000100000000)
  region size 1024K, 9 young (9216K), 5 survivors (5120K)
 Metaspace       used 92785K, capacity 94937K, committed 95624K, reserved 1132544K
  class space    used 11689K, capacity 12507K, committed 12752K, reserved 1048576K
}
Event: 20.926 GC heap after
{Heap after GC invocations=27 (full 0):
 garbage-first heap   total 187392K, used 94208K [0x0000000080000000, 0x0000000100000000)
  region size 1024K, 2 young (2048K), 2 survivors (2048K)
 Metaspace       used 92785K, capacity 94937K, committed 95624K, reserved 1132544K
  class space    used 11689K, capacity 12507K, committed 12752K, reserved 1048576K
}
Event: 22.223 GC heap before
{Heap before GC invocations=27 (full 0):
 garbage-first heap   total 187392K, used 138240K [0x0000000080000000, 0x0000000100000000)
  region size 1024K, 46 young (47104K), 2 survivors (2048K)
 Metaspace       used 95082K, capacity 97382K, committed 97928K, reserved 1134592K
  class space    used 11943K, capacity 12795K, committed 13008K, reserved 1048576K
}
Event: 22.233 GC heap after
{Heap after GC invocations=28 (full 0):
 garbage-first heap   total 187392K, used 95557K [0x0000000080000000, 0x0000000100000000)
  region size 1024K, 4 young (4096K), 4 survivors (4096K)
 Metaspace       used 95082K, capacity 97382K, committed 97928K, reserved 1134592K
  class space    used 11943K, capacity 12795K, committed 13008K, reserved 1048576K
}
Event: 23.147 GC heap before
{Heap before GC invocations=29 (full 0):
 garbage-first heap   total 187392K, used 138565K [0x0000000080000000, 0x0000000100000000)
  region size 1024K, 49 young (50176K), 4 survivors (4096K)
 Metaspace       used 98180K, capacity 100461K, committed 100872K, reserved 1136640K
  class space    used 12352K, capacity 13180K, committed 13392K, reserved 1048576K
}
Event: 23.153 GC heap after
{Heap after GC invocations=30 (full 0):
 garbage-first heap   total 187392K, used 92829K [0x0000000080000000, 0x0000000100000000)
  region size 1024K, 3 young (3072K), 3 survivors (3072K)
 Metaspace       used 98180K, capacity 100461K, committed 100872K, reserved 1136640K
  class space    used 12352K, capacity 13180K, committed 13392K, reserved 1048576K
}
Event: 23.319 GC heap before
{Heap before GC invocations=30 (full 0):
 garbage-first heap   total 187392K, used 98973K [0x0000000080000000, 0x0000000100000000)
  region size 1024K, 9 young (9216K), 3 survivors (3072K)
 Metaspace       used 98378K, capacity 100592K, committed 101128K, reserved 1136640K
  class space    used 12354K, capacity 13181K, committed 13392K, reserved 1048576K
}
Event: 23.326 GC heap after
{Heap after GC invocations=31 (full 0):
 garbage-first heap   total 187392K, used 81291K [0x0000000080000000, 0x0000000100000000)
  region size 1024K, 2 young (2048K), 2 survivors (2048K)
 Metaspace       used 98378K, capacity 100592K, committed 101128K, reserved 1136640K
  class space    used 12354K, capacity 13181K, committed 13392K, reserved 1048576K
}
Event: 24.057 GC heap before
{Heap before GC invocations=31 (full 0):
 garbage-first heap   total 187392K, used 133515K [0x0000000080000000, 0x0000000100000000)
  region size 1024K, 54 young (55296K), 2 survivors (2048K)
 Metaspace       used 99743K, capacity 102006K, committed 102280K, reserved 1138688K
  class space    used 12505K, capacity 13338K, committed 13520K, reserved 1048576K
}
Event: 24.066 GC heap after
{Heap after GC invocations=32 (full 0):
 garbage-first heap   total 187392K, used 84472K [0x0000000080000000, 0x0000000100000000)
  region size 1024K, 6 young (6144K), 6 survivors (6144K)
 Metaspace       used 99743K, capacity 102006K, committed 102280K, reserved 1138688K
  class space    used 12505K, capacity 13338K, committed 13520K, reserved 1048576K
}
Event: 24.477 GC heap before
{Heap before GC invocations=32 (full 0):
 garbage-first heap   total 187392K, used 122360K [0x0000000080000000, 0x0000000100000000)
  region size 1024K, 41 young (41984K), 6 survivors (6144K)
 Metaspace       used 100587K, capacity 102918K, committed 103048K, reserved 1138688K
  class space    used 12608K, capacity 13476K, committed 13520K, reserved 1048576K
}

