# JRE version: OpenJDK Runtime Environment (11.0.12+7) (build 11.0.12+7-b1504.28-7817840)
# Java VM: OpenJDK 64-Bit Server VM (11.0.12+7-b1504.28-7817840, mixed mode, tiered, compressed oops, g1 gc, windows-amd64)
Heap:
 garbage-first heap   total 129024K, used 57606K [0x0000000080000000, 0x0000000100000000)
  region size 1024K, 15 young (15360K), 4 survivors (4096K)
 Metaspace       used 45994K, capacity 47263K, committed 47616K, reserved 1091584K
  class space    used 5827K, capacity 6288K, committed 6400K, reserved 1048576K
GC Heap History (16 events):
Event: 1.041 GC heap before
{Heap before GC invocations=0 (full 0):
 garbage-first heap   total 129024K, used 30720K [0x0000000080000000, 0x0000000100000000)
  region size 1024K, 24 young (24576K), 0 survivors (0K)
 Metaspace       used 10223K, capacity 10427K, committed 10624K, reserved 1058816K
  class space    used 1071K, capacity 1141K, committed 1152K, reserved 1048576K
}
Event: 1.046 GC heap after
{Heap after GC invocations=1 (full 0):
 garbage-first heap   total 129024K, used 9688K [0x0000000080000000, 0x0000000100000000)
  region size 1024K, 3 young (3072K), 3 survivors (3072K)
 Metaspace       used 10223K, capacity 10427K, committed 10624K, reserved 1058816K
  class space    used 1071K, capacity 1141K, committed 1152K, reserved 1048576K
}
Event: 5.225 GC heap before
{Heap before GC invocations=1 (full 0):
 garbage-first heap   total 129024K, used 83416K [0x0000000080000000, 0x0000000100000000)
  region size 1024K, 75 young (76800K), 3 survivors (3072K)
 Metaspace       used 17935K, capacity 18342K, committed 18432K, reserved 1064960K
  class space    used 2123K, capacity 2260K, committed 2304K, reserved 1048576K
}
Event: 5.235 GC heap after
{Heap after GC invocations=2 (full 0):
 garbage-first heap   total 129024K, used 16488K [0x0000000080000000, 0x0000000100000000)
  region size 1024K, 10 young (10240K), 10 survivors (10240K)
 Metaspace       used 17935K, capacity 18342K, committed 18432K, reserved 1064960K
  class space    used 2123K, capacity 2260K, committed 2304K, reserved 1048576K
}
Event: 5.767 GC heap before
{Heap before GC invocations=2 (full 0):
 garbage-first heap   total 129024K, used 44136K [0x0000000080000000, 0x0000000100000000)
  region size 1024K, 38 young (38912K), 10 survivors (10240K)
 Metaspace       used 20732K, capacity 21154K, committed 21248K, reserved 1067008K
  class space    used 2553K, capacity 2729K, committed 2816K, reserved 1048576K
}
Event: 5.776 GC heap after
{Heap after GC invocations=3 (full 0):
 garbage-first heap   total 129024K, used 17434K [0x0000000080000000, 0x0000000100000000)
  region size 1024K, 2 young (2048K), 2 survivors (2048K)
 Metaspace       used 20732K, capacity 21154K, committed 21248K, reserved 1067008K
  class space    used 2553K, capacity 2729K, committed 2816K, reserved 1048576K
}
Event: 7.004 GC heap before
{Heap before GC invocations=4 (full 0):
 garbage-first heap   total 129024K, used 72730K [0x0000000080000000, 0x0000000100000000)
  region size 1024K, 56 young (57344K), 2 survivors (2048K)
 Metaspace       used 26590K, capacity 27222K, committed 27264K, reserved 1073152K
  class space    used 3459K, capacity 3696K, committed 3712K, reserved 1048576K
}
Event: 7.010 GC heap after
{Heap after GC invocations=5 (full 0):
 garbage-first heap   total 129024K, used 19436K [0x0000000080000000, 0x0000000100000000)
  region size 1024K, 4 young (4096K), 4 survivors (4096K)
 Metaspace       used 26590K, capacity 27222K, committed 27264K, reserved 1073152K
  class space    used 3459K, capacity 3696K, committed 3712K, reserved 1048576K
}
Event: 20.630 GC heap before
{Heap before GC invocations=5 (full 0):
 garbage-first heap   total 129024K, used 90092K [0x0000000080000000, 0x0000000100000000)
  region size 1024K, 64 young (65536K), 4 survivors (4096K)
 Metaspace       used 31936K, capacity 32770K, committed 33024K, reserved 1077248K
  class space    used 4300K, capacity 4605K, committed 4608K, reserved 1048576K
}
Event: 20.636 GC heap after
{Heap after GC invocations=6 (full 0):
 garbage-first heap   total 129024K, used 34499K [0x0000000080000000, 0x0000000100000000)
  region size 1024K, 8 young (8192K), 8 survivors (8192K)
 Metaspace       used 31936K, capacity 32770K, committed 33024K, reserved 1077248K
  class space    used 4300K, capacity 4605K, committed 4608K, reserved 1048576K
}
Event: 21.810 GC heap before
{Heap before GC invocations=6 (full 0):
 garbage-first heap   total 129024K, used 50883K [0x0000000080000000, 0x0000000100000000)
  region size 1024K, 25 young (25600K), 8 survivors (8192K)
 Metaspace       used 34922K, capacity 35836K, committed 35840K, reserved 1081344K
  class space    used 4659K, capacity 4988K, committed 4992K, reserved 1048576K
}
Event: 21.825 GC heap after
{Heap after GC invocations=7 (full 0):
 garbage-first heap   total 129024K, used 35809K [0x0000000080000000, 0x0000000100000000)
  region size 1024K, 2 young (2048K), 2 survivors (2048K)
 Metaspace       used 34922K, capacity 35836K, committed 35840K, reserved 1081344K
  class space    used 4659K, capacity 4988K, committed 4992K, reserved 1048576K
}
Event: 24.656 GC heap before
{Heap before GC invocations=8 (full 0):
 garbage-first heap   total 129024K, used 88033K [0x0000000080000000, 0x0000000100000000)
  region size 1024K, 50 young (51200K), 2 survivors (2048K)
 Metaspace       used 41529K, capacity 42606K, committed 42880K, reserved 1087488K
  class space    used 5279K, capacity 5662K, committed 5760K, reserved 1048576K
}
Event: 24.661 GC heap after
{Heap after GC invocations=9 (full 0):
 garbage-first heap   total 129024K, used 40781K [0x0000000080000000, 0x0000000100000000)
  region size 1024K, 7 young (7168K), 7 survivors (7168K)
 Metaspace       used 41529K, capacity 42606K, committed 42880K, reserved 1087488K
  class space    used 5279K, capacity 5662K, committed 5760K, reserved 1048576K
}
Event: 31.210 GC heap before
{Heap before GC invocations=9 (full 0):
 garbage-first heap   total 129024K, used 91981K [0x0000000080000000, 0x0000000100000000)
  region size 1024K, 54 young (55296K), 7 survivors (7168K)
 Metaspace       used 44622K, capacity 45854K, committed 45952K, reserved 1089536K
  class space    used 5755K, capacity 6224K, committed 6272K, reserved 1048576K
}
Event: 31.217 GC heap after
{Heap after GC invocations=10 (full 0):
 garbage-first heap   total 129024K, used 47366K [0x0000000080000000, 0x0000000100000000)
  region size 1024K, 4 young (4096K), 4 survivors (4096K)
 Metaspace       used 44622K, capacity 45854K, committed 45952K, reserved 1089536K
  class space    used 5755K, capacity 6224K, committed 6272K, reserved 1048576K
}

