# JRE version: OpenJDK Runtime Environment (11.0.12+7) (build 11.0.12+7-b1504.28-7817840)
# Java VM: OpenJDK 64-Bit Server VM (11.0.12+7-b1504.28-7817840, mixed mode, tiered, compressed oops, g1 gc, windows-amd64)
Heap:
 garbage-first heap   total 129024K, used 77406K [0x0000000080000000, 0x0000000100000000)
  region size 1024K, 22 young (22528K), 6 survivors (6144K)
 Metaspace       used 56864K, capacity 58420K, committed 58700K, reserved 1099776K
  class space    used 7369K, capacity 7921K, committed 8012K, reserved 1048576K
GC Heap History (20 events):
Event: 12.554 GC heap before
{Heap before GC invocations=1 (full 0):
 garbage-first heap   total 129024K, used 82927K [0x0000000080000000, 0x0000000100000000)
  region size 1024K, 75 young (76800K), 3 survivors (3072K)
 Metaspace       used 18001K, capacity 18354K, committed 18432K, reserved 1064960K
  class space    used 2122K, capacity 2260K, committed 2304K, reserved 1048576K
}
Event: 12.568 GC heap after
{Heap after GC invocations=2 (full 0):
 garbage-first heap   total 129024K, used 16287K [0x0000000080000000, 0x0000000100000000)
  region size 1024K, 10 young (10240K), 10 survivors (10240K)
 Metaspace       used 18001K, capacity 18354K, committed 18432K, reserved 1064960K
  class space    used 2122K, capacity 2260K, committed 2304K, reserved 1048576K
}
Event: 13.498 GC heap before
{Heap before GC invocations=2 (full 0):
 garbage-first heap   total 129024K, used 41887K [0x0000000080000000, 0x0000000100000000)
  region size 1024K, 36 young (36864K), 10 survivors (10240K)
 Metaspace       used 20608K, capacity 21096K, committed 21248K, reserved 1067008K
  class space    used 2533K, capacity 2727K, committed 2816K, reserved 1048576K
}
Event: 13.509 GC heap after
{Heap after GC invocations=3 (full 0):
 garbage-first heap   total 129024K, used 17127K [0x0000000080000000, 0x0000000100000000)
  region size 1024K, 2 young (2048K), 2 survivors (2048K)
 Metaspace       used 20608K, capacity 21096K, committed 21248K, reserved 1067008K
  class space    used 2533K, capacity 2727K, committed 2816K, reserved 1048576K
}
Event: 15.531 GC heap before
{Heap before GC invocations=4 (full 0):
 garbage-first heap   total 129024K, used 68327K [0x0000000080000000, 0x0000000100000000)
  region size 1024K, 52 young (53248K), 2 survivors (2048K)
 Metaspace       used 26001K, capacity 26610K, committed 26624K, reserved 1073152K
  class space    used 3354K, capacity 3570K, committed 3584K, reserved 1048576K
}
Event: 15.535 GC heap after
{Heap after GC invocations=5 (full 0):
 garbage-first heap   total 129024K, used 18906K [0x0000000080000000, 0x0000000100000000)
  region size 1024K, 3 young (3072K), 3 survivors (3072K)
 Metaspace       used 26001K, capacity 26610K, committed 26624K, reserved 1073152K
  class space    used 3354K, capacity 3570K, committed 3584K, reserved 1048576K
}
Event: 22.686 GC heap before
{Heap before GC invocations=5 (full 0):
 garbage-first heap   total 129024K, used 86490K [0x0000000080000000, 0x0000000100000000)
  region size 1024K, 60 young (61440K), 3 survivors (3072K)
 Metaspace       used 31270K, capacity 32162K, committed 32256K, reserved 1077248K
  class space    used 4189K, capacity 4527K, committed 4608K, reserved 1048576K
}
Event: 22.691 GC heap after
{Heap after GC invocations=6 (full 0):
 garbage-first heap   total 129024K, used 33542K [0x0000000080000000, 0x0000000100000000)
  region size 1024K, 8 young (8192K), 8 survivors (8192K)
 Metaspace       used 31270K, capacity 32162K, committed 32256K, reserved 1077248K
  class space    used 4189K, capacity 4527K, committed 4608K, reserved 1048576K
}
Event: 23.722 GC heap before
{Heap before GC invocations=6 (full 0):
 garbage-first heap   total 129024K, used 56070K [0x0000000080000000, 0x0000000100000000)
  region size 1024K, 31 young (31744K), 8 survivors (8192K)
 Metaspace       used 34867K, capacity 35772K, committed 35840K, reserved 1081344K
  class space    used 4655K, capacity 4985K, committed 4992K, reserved 1048576K
}
Event: 23.736 GC heap after
{Heap after GC invocations=7 (full 0):
 garbage-first heap   total 129024K, used 35062K [0x0000000080000000, 0x0000000100000000)
  region size 1024K, 6 young (6144K), 6 survivors (6144K)
 Metaspace       used 34867K, capacity 35772K, committed 35840K, reserved 1081344K
  class space    used 4655K, capacity 4985K, committed 4992K, reserved 1048576K
}
Event: 26.033 GC heap before
{Heap before GC invocations=8 (full 0):
 garbage-first heap   total 129024K, used 92406K [0x0000000080000000, 0x0000000100000000)
  region size 1024K, 60 young (61440K), 6 survivors (6144K)
 Metaspace       used 41860K, capacity 42931K, committed 43212K, reserved 1087488K
  class space    used 5341K, capacity 5724K, committed 5836K, reserved 1048576K
}
Event: 26.042 GC heap after
{Heap after GC invocations=9 (full 0):
 garbage-first heap   total 129024K, used 40156K [0x0000000080000000, 0x0000000100000000)
  region size 1024K, 7 young (7168K), 7 survivors (7168K)
 Metaspace       used 41860K, capacity 42931K, committed 43212K, reserved 1087488K
  class space    used 5341K, capacity 5724K, committed 5836K, reserved 1048576K
}
Event: 30.347 GC heap before
{Heap before GC invocations=9 (full 0):
 garbage-first heap   total 129024K, used 97500K [0x0000000080000000, 0x0000000100000000)
  region size 1024K, 59 young (60416K), 7 survivors (7168K)
 Metaspace       used 45893K, capacity 47167K, committed 47308K, reserved 1089536K
  class space    used 5813K, capacity 6253K, committed 6348K, reserved 1048576K
}
Event: 30.356 GC heap after
{Heap after GC invocations=10 (full 0):
 garbage-first heap   total 129024K, used 47352K [0x0000000080000000, 0x0000000100000000)
  region size 1024K, 4 young (4096K), 4 survivors (4096K)
 Metaspace       used 45893K, capacity 47167K, committed 47308K, reserved 1089536K
  class space    used 5813K, capacity 6253K, committed 6348K, reserved 1048576K
}
Event: 33.247 GC heap before
{Heap before GC invocations=10 (full 0):
 garbage-first heap   total 129024K, used 97528K [0x0000000080000000, 0x0000000100000000)
  region size 1024K, 53 young (54272K), 4 survivors (4096K)
 Metaspace       used 51354K, capacity 52650K, committed 52940K, reserved 1095680K
  class space    used 6572K, capacity 7057K, committed 7116K, reserved 1048576K
}
Event: 33.254 GC heap after
{Heap after GC invocations=11 (full 0):
 garbage-first heap   total 129024K, used 50432K [0x0000000080000000, 0x0000000100000000)
  region size 1024K, 7 young (7168K), 7 survivors (7168K)
 Metaspace       used 51354K, capacity 52650K, committed 52940K, reserved 1095680K
  class space    used 6572K, capacity 7057K, committed 7116K, reserved 1048576K
}
Event: 36.209 GC heap before
{Heap before GC invocations=11 (full 0):
 garbage-first heap   total 129024K, used 103680K [0x0000000080000000, 0x0000000100000000)
  region size 1024K, 55 young (56320K), 7 survivors (7168K)
 Metaspace       used 54024K, capacity 55473K, committed 55756K, reserved 1097728K
  class space    used 7010K, capacity 7528K, committed 7628K, reserved 1048576K
}
Event: 36.219 GC heap after
{Heap after GC invocations=12 (full 0):
 garbage-first heap   total 129024K, used 58081K [0x0000000080000000, 0x0000000100000000)
  region size 1024K, 7 young (7168K), 7 survivors (7168K)
 Metaspace       used 54024K, capacity 55473K, committed 55756K, reserved 1097728K
  class space    used 7010K, capacity 7528K, committed 7628K, reserved 1048576K
}
Event: 38.157 GC heap before
{Heap before GC invocations=12 (full 0):
 garbage-first heap   total 129024K, used 102113K [0x0000000080000000, 0x0000000100000000)
  region size 1024K, 51 young (52224K), 7 survivors (7168K)
 Metaspace       used 56460K, capacity 58016K, committed 58060K, reserved 1099776K
  class space    used 7333K, capacity 7880K, committed 7884K, reserved 1048576K
}
Event: 38.165 GC heap after
{Heap after GC invocations=13 (full 0):
 garbage-first heap   total 129024K, used 59998K [0x0000000080000000, 0x0000000100000000)
  region size 1024K, 6 young (6144K), 6 survivors (6144K)
 Metaspace       used 56460K, capacity 58016K, committed 58060K, reserved 1099776K
  class space    used 7333K, capacity 7880K, committed 7884K, reserved 1048576K
}

