# JRE version: OpenJDK Runtime Environment (11.0.12+7) (build 11.0.12+7-b1504.28-7817840)
# Java VM: OpenJDK 64-Bit Server VM (11.0.12+7-b1504.28-7817840, mixed mode, tiered, compressed oops, g1 gc, windows-amd64)
Heap:
 garbage-first heap   total 129024K, used 87786K [0x0000000080000000, 0x0000000100000000)
  region size 1024K, 62 young (63488K), 4 survivors (4096K)
 Metaspace       used 32175K, capacity 33032K, committed 33152K, reserved 1081344K
  class space    used 4332K, capacity 4670K, committed 4736K, reserved 1048576K
GC Heap History (8 events):
Event: 4.071 GC heap before
{Heap before GC invocations=0 (full 0):
 garbage-first heap   total 129024K, used 30720K [0x0000000080000000, 0x0000000100000000)
  region size 1024K, 24 young (24576K), 0 survivors (0K)
 Metaspace       used 10256K, capacity 10499K, committed 10624K, reserved 1058816K
  class space    used 1072K, capacity 1141K, committed 1152K, reserved 1048576K
}
Event: 4.080 GC heap after
{Heap after GC invocations=1 (full 0):
 garbage-first heap   total 129024K, used 9383K [0x0000000080000000, 0x0000000100000000)
  region size 1024K, 3 young (3072K), 3 survivors (3072K)
 Metaspace       used 10256K, capacity 10499K, committed 10624K, reserved 1058816K
  class space    used 1072K, capacity 1141K, committed 1152K, reserved 1048576K
}
Event: 10.424 GC heap before
{Heap before GC invocations=1 (full 0):
 garbage-first heap   total 129024K, used 83111K [0x0000000080000000, 0x0000000100000000)
  region size 1024K, 75 young (76800K), 3 survivors (3072K)
 Metaspace       used 18046K, capacity 18510K, committed 18688K, reserved 1064960K
  class space    used 2133K, capacity 2292K, committed 2304K, reserved 1048576K
}
Event: 10.499 GC heap after
{Heap after GC invocations=2 (full 0):
 garbage-first heap   total 129024K, used 15924K [0x0000000080000000, 0x0000000100000000)
  region size 1024K, 10 young (10240K), 10 survivors (10240K)
 Metaspace       used 18046K, capacity 18510K, committed 18688K, reserved 1064960K
  class space    used 2133K, capacity 2292K, committed 2304K, reserved 1048576K
}
Event: 11.318 GC heap before
{Heap before GC invocations=2 (full 0):
 garbage-first heap   total 129024K, used 40500K [0x0000000080000000, 0x0000000100000000)
  region size 1024K, 35 young (35840K), 10 survivors (10240K)
 Metaspace       used 20689K, capacity 21159K, committed 21248K, reserved 1067008K
  class space    used 2540K, capacity 2728K, committed 2816K, reserved 1048576K
}
Event: 11.330 GC heap after
{Heap after GC invocations=3 (full 0):
 garbage-first heap   total 129024K, used 17123K [0x0000000080000000, 0x0000000100000000)
  region size 1024K, 2 young (2048K), 2 survivors (2048K)
 Metaspace       used 20689K, capacity 21159K, committed 21248K, reserved 1067008K
  class space    used 2540K, capacity 2728K, committed 2816K, reserved 1048576K
}
Event: 13.877 GC heap before
{Heap before GC invocations=4 (full 0):
 garbage-first heap   total 129024K, used 75491K [0x0000000080000000, 0x0000000100000000)
  region size 1024K, 60 young (61440K), 2 survivors (2048K)
 Metaspace       used 27396K, capacity 28051K, committed 28160K, reserved 1073152K
  class space    used 3579K, capacity 3824K, committed 3840K, reserved 1048576K
}
Event: 13.882 GC heap after
{Heap after GC invocations=5 (full 0):
 garbage-first heap   total 129024K, used 19178K [0x0000000080000000, 0x0000000100000000)
  region size 1024K, 4 young (4096K), 4 survivors (4096K)
 Metaspace       used 27396K, capacity 28051K, committed 28160K, reserved 1073152K
  class space    used 3579K, capacity 3824K, committed 3840K, reserved 1048576K
}

