# JRE version: OpenJDK Runtime Environment (11.0.12+7) (build 11.0.12+7-b1504.28-7817840)
# Java VM: OpenJDK 64-Bit Server VM (11.0.12+7-b1504.28-7817840, mixed mode, tiered, compressed oops, g1 gc, windows-amd64)
Heap:
 garbage-first heap   total 129024K, used 65707K [0x0000000080000000, 0x0000000100000000)
  region size 1024K, 27 young (27648K), 5 survivors (5120K)
 Metaspace       used 60813K, capacity 62252K, committed 62508K, reserved 1107968K
  class space    used 7741K, capacity 8318K, committed 8320K, reserved 1048576K
GC Heap History (20 events):
Event: 1.276 GC heap before
{Heap before GC invocations=0 (full 0):
 garbage-first heap   total 129024K, used 30720K [0x0000000080000000, 0x0000000100000000)
  region size 1024K, 24 young (24576K), 0 survivors (0K)
 Metaspace       used 10220K, capacity 10431K, committed 10624K, reserved 1058816K
  class space    used 1071K, capacity 1141K, committed 1152K, reserved 1048576K
}
Event: 1.283 GC heap after
{Heap after GC invocations=1 (full 0):
 garbage-first heap   total 129024K, used 9485K [0x0000000080000000, 0x0000000100000000)
  region size 1024K, 3 young (3072K), 3 survivors (3072K)
 Metaspace       used 10220K, capacity 10431K, committed 10624K, reserved 1058816K
  class space    used 1071K, capacity 1141K, committed 1152K, reserved 1048576K
}
Event: 3.968 GC heap before
{Heap before GC invocations=1 (full 0):
 garbage-first heap   total 129024K, used 83213K [0x0000000080000000, 0x0000000100000000)
  region size 1024K, 75 young (76800K), 3 survivors (3072K)
 Metaspace       used 17601K, capacity 17977K, committed 18176K, reserved 1064960K
  class space    used 2083K, capacity 2211K, committed 2304K, reserved 1048576K
}
Event: 3.976 GC heap after
{Heap after GC invocations=2 (full 0):
 garbage-first heap   total 129024K, used 16335K [0x0000000080000000, 0x0000000100000000)
  region size 1024K, 10 young (10240K), 10 survivors (10240K)
 Metaspace       used 17601K, capacity 17977K, committed 18176K, reserved 1064960K
  class space    used 2083K, capacity 2211K, committed 2304K, reserved 1048576K
}
Event: 4.732 GC heap before
{Heap before GC invocations=2 (full 0):
 garbage-first heap   total 129024K, used 45007K [0x0000000080000000, 0x0000000100000000)
  region size 1024K, 39 young (39936K), 10 survivors (10240K)
 Metaspace       used 20730K, capacity 21141K, committed 21248K, reserved 1067008K
  class space    used 2552K, capacity 2712K, committed 2816K, reserved 1048576K
}
Event: 4.741 GC heap after
{Heap after GC invocations=3 (full 0):
 garbage-first heap   total 129024K, used 17541K [0x0000000080000000, 0x0000000100000000)
  region size 1024K, 2 young (2048K), 2 survivors (2048K)
 Metaspace       used 20730K, capacity 21141K, committed 21248K, reserved 1067008K
  class space    used 2552K, capacity 2712K, committed 2816K, reserved 1048576K
}
Event: 5.967 GC heap before
{Heap before GC invocations=4 (full 0):
 garbage-first heap   total 129024K, used 73861K [0x0000000080000000, 0x0000000100000000)
  region size 1024K, 57 young (58368K), 2 survivors (2048K)
 Metaspace       used 26787K, capacity 27434K, committed 27648K, reserved 1073152K
  class space    used 3496K, capacity 3735K, committed 3840K, reserved 1048576K
}
Event: 5.971 GC heap after
{Heap after GC invocations=5 (full 0):
 garbage-first heap   total 129024K, used 19444K [0x0000000080000000, 0x0000000100000000)
  region size 1024K, 4 young (4096K), 4 survivors (4096K)
 Metaspace       used 26787K, capacity 27434K, committed 27648K, reserved 1073152K
  class space    used 3496K, capacity 3735K, committed 3840K, reserved 1048576K
}
Event: 7.685 GC heap before
{Heap before GC invocations=5 (full 0):
 garbage-first heap   total 129024K, used 73716K [0x0000000080000000, 0x0000000100000000)
  region size 1024K, 58 young (59392K), 4 survivors (4096K)
 Metaspace       used 34915K, capacity 35722K, committed 35840K, reserved 1081344K
  class space    used 4533K, capacity 4839K, committed 4864K, reserved 1048576K
}
Event: 7.700 GC heap after
{Heap after GC invocations=6 (full 0):
 garbage-first heap   total 129024K, used 22512K [0x0000000080000000, 0x0000000100000000)
  region size 1024K, 7 young (7168K), 7 survivors (7168K)
 Metaspace       used 34915K, capacity 35722K, committed 35840K, reserved 1081344K
  class space    used 4533K, capacity 4839K, committed 4864K, reserved 1048576K
}
Event: 8.978 GC heap before
{Heap before GC invocations=7 (full 0):
 garbage-first heap   total 129024K, used 89072K [0x0000000080000000, 0x0000000100000000)
  region size 1024K, 70 young (71680K), 7 survivors (7168K)
 Metaspace       used 39886K, capacity 40846K, committed 41088K, reserved 1085440K
  class space    used 5112K, capacity 5434K, committed 5504K, reserved 1048576K
}
Event: 8.989 GC heap after
{Heap after GC invocations=8 (full 0):
 garbage-first heap   total 129024K, used 27867K [0x0000000080000000, 0x0000000100000000)
  region size 1024K, 9 young (9216K), 9 survivors (9216K)
 Metaspace       used 39886K, capacity 40846K, committed 41088K, reserved 1085440K
  class space    used 5112K, capacity 5434K, committed 5504K, reserved 1048576K
}
Event: 10.309 GC heap before
{Heap before GC invocations=8 (full 0):
 garbage-first heap   total 129024K, used 90331K [0x0000000080000000, 0x0000000100000000)
  region size 1024K, 70 young (71680K), 9 survivors (9216K)
 Metaspace       used 45633K, capacity 46669K, committed 46848K, reserved 1089536K
  class space    used 5879K, capacity 6280K, committed 6400K, reserved 1048576K
}
Event: 10.319 GC heap after
{Heap after GC invocations=9 (full 0):
 garbage-first heap   total 129024K, used 29722K [0x0000000080000000, 0x0000000100000000)
  region size 1024K, 3 young (3072K), 3 survivors (3072K)
 Metaspace       used 45633K, capacity 46669K, committed 46848K, reserved 1089536K
  class space    used 5879K, capacity 6280K, committed 6400K, reserved 1048576K
}
Event: 11.928 GC heap before
{Heap before GC invocations=9 (full 0):
 garbage-first heap   total 129024K, used 97306K [0x0000000080000000, 0x0000000100000000)
  region size 1024K, 66 young (67584K), 3 survivors (3072K)
 Metaspace       used 48352K, capacity 49528K, committed 49664K, reserved 1091584K
  class space    used 6196K, capacity 6630K, committed 6656K, reserved 1048576K
}
Event: 11.935 GC heap after
{Heap after GC invocations=10 (full 0):
 garbage-first heap   total 129024K, used 40762K [0x0000000080000000, 0x0000000100000000)
  region size 1024K, 9 young (9216K), 9 survivors (9216K)
 Metaspace       used 48352K, capacity 49528K, committed 49664K, reserved 1091584K
  class space    used 6196K, capacity 6630K, committed 6656K, reserved 1048576K
}
Event: 13.278 GC heap before
{Heap before GC invocations=10 (full 0):
 garbage-first heap   total 129024K, used 97082K [0x0000000080000000, 0x0000000100000000)
  region size 1024K, 64 young (65536K), 9 survivors (9216K)
 Metaspace       used 55158K, capacity 56481K, committed 56832K, reserved 1097728K
  class space    used 7058K, capacity 7571K, committed 7680K, reserved 1048576K
}
Event: 13.289 GC heap after
{Heap after GC invocations=11 (full 0):
 garbage-first heap   total 129024K, used 44701K [0x0000000080000000, 0x0000000100000000)
  region size 1024K, 4 young (4096K), 4 survivors (4096K)
 Metaspace       used 55158K, capacity 56481K, committed 56832K, reserved 1097728K
  class space    used 7058K, capacity 7571K, committed 7680K, reserved 1048576K
}
Event: 13.882 GC heap before
{Heap before GC invocations=11 (full 0):
 garbage-first heap   total 129024K, used 65181K [0x0000000080000000, 0x0000000100000000)
  region size 1024K, 25 young (25600K), 4 survivors (4096K)
 Metaspace       used 58458K, capacity 59859K, committed 59948K, reserved 1101824K
  class space    used 7464K, capacity 8032K, committed 8064K, reserved 1048576K
}
Event: 13.891 GC heap after
{Heap after GC invocations=12 (full 0):
 garbage-first heap   total 129024K, used 45227K [0x0000000080000000, 0x0000000100000000)
  region size 1024K, 5 young (5120K), 5 survivors (5120K)
 Metaspace       used 58458K, capacity 59859K, committed 59948K, reserved 1101824K
  class space    used 7464K, capacity 8032K, committed 8064K, reserved 1048576K
}

