# JRE version: OpenJDK Runtime Environment (11.0.12+7) (build 11.0.12+7-b1504.28-7817840)
# Java VM: OpenJDK 64-Bit Server VM (11.0.12+7-b1504.28-7817840, mixed mode, tiered, compressed oops, g1 gc, windows-amd64)
Heap:
 garbage-first heap   total 155648K, used 36321K [0x0000000080000000, 0x0000000100000000)
  region size 1024K, 18 young (18432K), 8 survivors (8192K)
 Metaspace       used 40733K, capacity 41690K, committed 41984K, reserved 1085440K
  class space    used 5196K, capacity 5545K, committed 5632K, reserved 1048576K
GC Heap History (14 events):
Event: 1.297 GC heap before
{Heap before GC invocations=0 (full 0):
 garbage-first heap   total 129024K, used 30720K [0x0000000080000000, 0x0000000100000000)
  region size 1024K, 24 young (24576K), 0 survivors (0K)
 Metaspace       used 10219K, capacity 10431K, committed 10624K, reserved 1058816K
  class space    used 1071K, capacity 1141K, committed 1152K, reserved 1048576K
}
Event: 1.305 GC heap after
{Heap after GC invocations=1 (full 0):
 garbage-first heap   total 129024K, used 9588K [0x0000000080000000, 0x0000000100000000)
  region size 1024K, 3 young (3072K), 3 survivors (3072K)
 Metaspace       used 10219K, capacity 10431K, committed 10624K, reserved 1058816K
  class space    used 1071K, capacity 1141K, committed 1152K, reserved 1048576K
}
Event: 1.790 GC heap before
{Heap before GC invocations=1 (full 0):
 garbage-first heap   total 129024K, used 32116K [0x0000000080000000, 0x0000000100000000)
  region size 1024K, 25 young (25600K), 3 survivors (3072K)
 Metaspace       used 11194K, capacity 11386K, committed 11520K, reserved 1058816K
  class space    used 1173K, capacity 1246K, committed 1280K, reserved 1048576K
}
Event: 1.795 GC heap after
{Heap after GC invocations=2 (full 0):
 garbage-first heap   total 129024K, used 10030K [0x0000000080000000, 0x0000000100000000)
  region size 1024K, 1 young (1024K), 1 survivors (1024K)
 Metaspace       used 11194K, capacity 11386K, committed 11520K, reserved 1058816K
  class space    used 1173K, capacity 1246K, committed 1280K, reserved 1048576K
}
Event: 3.902 GC heap before
{Heap before GC invocations=2 (full 0):
 garbage-first heap   total 129024K, used 62254K [0x0000000080000000, 0x0000000100000000)
  region size 1024K, 52 young (53248K), 1 survivors (1024K)
 Metaspace       used 17662K, capacity 17977K, committed 18176K, reserved 1064960K
  class space    used 2090K, capacity 2211K, committed 2304K, reserved 1048576K
}
Event: 3.913 GC heap after
{Heap after GC invocations=3 (full 0):
 garbage-first heap   total 129024K, used 16231K [0x0000000080000000, 0x0000000100000000)
  region size 1024K, 7 young (7168K), 7 survivors (7168K)
 Metaspace       used 17662K, capacity 17977K, committed 18176K, reserved 1064960K
  class space    used 2090K, capacity 2211K, committed 2304K, reserved 1048576K
}
Event: 4.551 GC heap before
{Heap before GC invocations=3 (full 0):
 garbage-first heap   total 129024K, used 43879K [0x0000000080000000, 0x0000000100000000)
  region size 1024K, 35 young (35840K), 7 survivors (7168K)
 Metaspace       used 20747K, capacity 21141K, committed 21248K, reserved 1067008K
  class space    used 2552K, capacity 2712K, committed 2816K, reserved 1048576K
}
Event: 4.563 GC heap after
{Heap after GC invocations=4 (full 0):
 garbage-first heap   total 129024K, used 17178K [0x0000000080000000, 0x0000000100000000)
  region size 1024K, 2 young (2048K), 2 survivors (2048K)
 Metaspace       used 20747K, capacity 21141K, committed 21248K, reserved 1067008K
  class space    used 2552K, capacity 2712K, committed 2816K, reserved 1048576K
}
Event: 5.927 GC heap before
{Heap before GC invocations=5 (full 0):
 garbage-first heap   total 129024K, used 71450K [0x0000000080000000, 0x0000000100000000)
  region size 1024K, 55 young (56320K), 2 survivors (2048K)
 Metaspace       used 26591K, capacity 27175K, committed 27264K, reserved 1073152K
  class space    used 3469K, capacity 3670K, committed 3712K, reserved 1048576K
}
Event: 5.932 GC heap after
{Heap after GC invocations=6 (full 0):
 garbage-first heap   total 129024K, used 19129K [0x0000000080000000, 0x0000000100000000)
  region size 1024K, 3 young (3072K), 3 survivors (3072K)
 Metaspace       used 26591K, capacity 27175K, committed 27264K, reserved 1073152K
  class space    used 3469K, capacity 3670K, committed 3712K, reserved 1048576K
}
Event: 7.676 GC heap before
{Heap before GC invocations=6 (full 0):
 garbage-first heap   total 129024K, used 77497K [0x0000000080000000, 0x0000000100000000)
  region size 1024K, 61 young (62464K), 3 survivors (3072K)
 Metaspace       used 34948K, capacity 35786K, committed 35840K, reserved 1081344K
  class space    used 4534K, capacity 4839K, committed 4864K, reserved 1048576K
}
Event: 7.694 GC heap after
{Heap after GC invocations=7 (full 0):
 garbage-first heap   total 129024K, used 22202K [0x0000000080000000, 0x0000000100000000)
  region size 1024K, 6 young (6144K), 6 survivors (6144K)
 Metaspace       used 34948K, capacity 35786K, committed 35840K, reserved 1081344K
  class space    used 4534K, capacity 4839K, committed 4864K, reserved 1048576K
}
Event: 9.063 GC heap before
{Heap before GC invocations=8 (full 0):
 garbage-first heap   total 129024K, used 85690K [0x0000000080000000, 0x0000000100000000)
  region size 1024K, 66 young (67584K), 6 survivors (6144K)
 Metaspace       used 39789K, capacity 40714K, committed 40832K, reserved 1085440K
  class space    used 5095K, capacity 5433K, committed 5504K, reserved 1048576K
}
Event: 9.076 GC heap after
{Heap after GC invocations=9 (full 0):
 garbage-first heap   total 155648K, used 27105K [0x0000000080000000, 0x0000000100000000)
  region size 1024K, 8 young (8192K), 8 survivors (8192K)
 Metaspace       used 39789K, capacity 40714K, committed 40832K, reserved 1085440K
  class space    used 5095K, capacity 5433K, committed 5504K, reserved 1048576K
}

